<?xml version="1.0" encoding="UTF-8"?>
<!-- Generated by org.testng.reporters.JUnitReportReporter -->
<testsuite skipped="0" hostname="Naina-PC" name="TestNGRoom5.Task2Tests" tests="6" failures="0" timestamp="21 May 2018 18:29:31 GMT" time="75.446" errors="0">
  <testcase name="searchLocation" time="14.175" classname="TestNGRoom5.Task2Tests"/>
  <testcase name="fillContactForm" time="10.366" classname="TestNGRoom5.Task2Tests"/>
  <testcase name="subscribeToNewsletter" time="16.773" classname="TestNGRoom5.Task2Tests"/>
  <testcase name="navigateToDestination" time="10.016" classname="TestNGRoom5.Task2Tests"/>
  <testcase name="selectCountry" time="11.999" classname="TestNGRoom5.Task2Tests"/>
  <testcase name="allInspirations" time="12.117" classname="TestNGRoom5.Task2Tests"/>
</testsuite> <!-- TestNGRoom5.Task2Tests -->
